2021-12-19 01:23:42,083 Reading the input fasta file: /mnt/c/Users/ktmea/Projects/ncov-phylogeography/results/snippy_multi/nucleotide/snippy-multi.full.aln
2021-12-19 01:23:42,167 Reading alignment length...
2021-12-19 01:23:42,167 Alignment length: 29903
2021-12-19 01:23:42,168 Reading alignment sample names...
2021-12-19 01:23:42,168 Number of samples: 101
2021-12-19 01:23:42,168 Analyzing alignment for sites with >=0.95 samples with data...
2021-12-19 01:23:42,247 5% Complete
2021-12-19 01:23:42,324 10% Complete
2021-12-19 01:23:42,398 15% Complete
2021-12-19 01:23:42,473 20% Complete
2021-12-19 01:23:42,551 25% Complete
2021-12-19 01:23:42,624 30% Complete
2021-12-19 01:23:42,696 35% Complete
2021-12-19 01:23:42,771 40% Complete
2021-12-19 01:23:42,847 45% Complete
2021-12-19 01:23:42,983 50% Complete
2021-12-19 01:23:43,212 55% Complete
2021-12-19 01:23:43,749 60% Complete
2021-12-19 01:23:43,823 65% Complete
2021-12-19 01:23:43,897 70% Complete
2021-12-19 01:23:43,970 75% Complete
2021-12-19 01:23:44,044 80% Complete
2021-12-19 01:23:44,118 85% Complete
2021-12-19 01:23:44,191 90% Complete
2021-12-19 01:23:44,264 95% Complete
2021-12-19 01:23:44,338 100% Complete
2021-12-19 01:23:44,339 Creating the filtered multiple alignment..
2021-12-19 01:23:44,352 Writing to the output fasta file: /mnt/c/Users/ktmea/Projects/ncov-phylogeography/results/snippy_multi/nucleotide/snippy-multi.filter.aln
2021-12-19 01:23:44,355 Constant sites: 25893 (86%)
2021-12-19 01:23:44,355 Parsimony informative sites: 2411 (8%)
2021-12-19 01:23:44,356 Biallelic singleton sites: 1408 (4%)
2021-12-19 01:23:44,356 Multiallelic singleton sites: 57 (0%)
2021-12-19 01:23:44,356 Pseudo singleton sites: 134 (0%)
2021-12-19 01:23:44,357 Total singleton sites: 1599 (5%)
2021-12-19 01:23:44,357 Singleton sites passing missing data filter: 127
2021-12-19 01:23:44,357 Parsimony informative sites passing missing data filter: 499
2021-12-19 01:23:44,358 Filtered nucleotides: 63226
2021-12-19 01:23:44,358 Ambiguous nucleotides: 662 (1%)
2021-12-19 01:23:44,358 Total sites passing missing data filter: 626
2021-12-19 01:23:44,358 Total sites failing missing data filter: 3384
2021-12-19 01:23:44,359 Total nucleotides passing missing data filter: 63226
2021-12-19 01:23:44,359 Ambiguous nucleotides passing missing data filter: 662
2021-12-19 01:23:44,359 Wrote a multi-fasta alignment of length: 626
